<?xml version="1.0" encoding="UTF-8"?>
<beans xmlns="http://www.springframework.org/schema/beans"
	xmlns:xsi="http://www.w3.org/2001/XMLSchema-instance"
	xmlns:aop="http://www.springframework.org/schema/aop"
    xmlns:tx="http://www.springframework.org/schema/tx"
    xmlns:util="http://www.springframework.org/schema/util"
	xmlns:context="http://www.springframework.org/schema/context"
	xsi:schemaLocation="http://www.springframework.org/schema/beans 
		http://www.springframework.org/schema/beans/spring-beans-3.0.xsd
		http://www.springframework.org/schema/context 
		http://www.springframework.org/schema/context/spring-context-3.0.xsd
		http://www.springframework.org/schema/tx 
        http://www.springframework.org/schema/tx/spring-tx-3.0.xsd
		http://www.springframework.org/schema/util 
        http://www.springframework.org/schema/util/spring-util-3.0.xsd
        http://www.springframework.org/schema/aop 
        http://www.springframework.org/schema/aop/spring-aop-3.0.xsd">
        
        <!-- Test definitions -->
        
        <bean id="dataSource" class="org.apache.commons.dbcp.BasicDataSource" destroy-method="close">
    		<property name="driverClassName" value="org.postgresql.Driver"/>
    		<property name="url" value="jdbc:postgresql://localhost:5432/nadmdb"/>
    		<property name="username" value="nadm"/>
    		<property name="password" value="zer3rein33"/>
    		<property name="initialSize" value="10"/>
  		</bean>
        
        <util:map id="hibernateProperties">
        	<entry key="hibernate.dialect" value="org.hibernate.dialect.PostgreSQLDialect"/>
        	<entry key="hibernate.show_sql" value="true"/>
        	<entry key="hibernate.hbm2ddl.auto" value="update"/>
        	<entry key="hibernate.connection.pool_size" value="20"/>
			<entry key="hibernate.cache.use_query_cache" value="false"/>
			<entry key="hibernate.cache.use_second_level_cache" value="true"/>
        </util:map>
		
		<util:list id="hibernatePackageScanList">
			<value>net.ayld.core.domain**</value>
		</util:list>
		        
        <bean id="testDao" name="testDao" autowire-candidate="true" class="net.ayld.core.persistance.impl.TestDaoImpl" parent="baseDao"/>
        
        <!-- Definitions to test -->
        
        <tx:annotation-driven/>
        <context:component-scan base-package="net.ayld.core" />
        
        <bean id="validator" class="org.springframework.validation.beanvalidation.LocalValidatorFactoryBean"/>
        
        <bean id="baseDao" class="net.ayld.core.persistance.impl.BaseDao" abstract="true">
			<property name="sessionFactory" ref="sessionFactory"/>
		</bean>
		
		<bean id="transactionManager" class="org.springframework.orm.hibernate3.HibernateTransactionManager">
	    	<property name="sessionFactory" ref="sessionFactory"/>
	  	</bean>
	
		<bean id="transactionAdvisor" class="org.springframework.transaction.interceptor.TransactionAttributeSourceAdvisor">
	      <property name="transactionInterceptor">
	          <bean class="org.springframework.transaction.interceptor.TransactionInterceptor">
	              <property name="transactionManager" ref="transactionManager"/>
	              <property name="transactionAttributeSource">
	                  <bean class="org.springframework.transaction.annotation.AnnotationTransactionAttributeSource"/>
	              </property>
	          </bean>
	      </property>
	    </bean>
	    
	    <bean id="sessionFactory" class="org.springframework.orm.hibernate3.annotation.AnnotationSessionFactoryBean" destroy-method="destroy">
	    	<property name="dataSource" ref="dataSource"/> <!-- must be defined in user application -->
	    	<property name="hibernateProperties" ref="hibernateProperties"/> <!-- must be defined in user application -->
		    <property name="packagesToScan" ref="hibernatePackageScanList"/> <!-- must be defined in user application -->
	  	</bean>
</beans>